0 info it worked if it ends with ok
1 verbose cli [ 'C:\\Program Files\\nodejs\\node.exe',
1 verbose cli   'C:\\Users\\yusuf\\AppData\\Roaming\\npm\\node_modules\\npm\\bin\\npm-cli.js',
1 verbose cli   'publish' ]
2 info using npm@3.5.3
3 info using node@v5.0.0
4 verbose publish [ '.' ]
5 silly cache add args [ '.', null ]
6 verbose cache add spec .
7 silly cache add parsed spec Result {
7 silly cache add   raw: '.',
7 silly cache add   scope: null,
7 silly cache add   name: null,
7 silly cache add   rawSpec: '.',
7 silly cache add   spec: 'C:\\Users\\yusuf\\react2\\reactExportButton',
7 silly cache add   type: 'directory' }
8 verbose addLocalDirectory C:\Users\yusuf\AppData\Roaming\npm-cache\reactexportbutton\1.0.0\package.tgz not in flight; packing
9 info lifecycle reactexportbutton@1.0.0~prepublish: reactexportbutton@1.0.0
10 silly lifecycle reactexportbutton@1.0.0~prepublish: no script for prepublish, continuing
11 verbose tar pack [ 'C:\\Users\\yusuf\\AppData\\Roaming\\npm-cache\\reactexportbutton\\1.0.0\\package.tgz',
11 verbose tar pack   'C:\\Users\\yusuf\\react2\\reactExportButton' ]
12 verbose tarball C:\Users\yusuf\AppData\Roaming\npm-cache\reactexportbutton\1.0.0\package.tgz
13 verbose folder C:\Users\yusuf\react2\reactExportButton
14 verbose addLocalTarball adding from inside cache C:\Users\yusuf\AppData\Roaming\npm-cache\reactexportbutton\1.0.0\package.tgz
15 silly cache afterAdd reactexportbutton@1.0.0
16 verbose afterAdd C:\Users\yusuf\AppData\Roaming\npm-cache\reactexportbutton\1.0.0\package\package.json not in flight; writing
17 verbose afterAdd C:\Users\yusuf\AppData\Roaming\npm-cache\reactexportbutton\1.0.0\package\package.json written
18 silly publish { name: 'reactexportbutton',
18 silly publish   version: '1.0.0',
18 silly publish   description: 'react export pdf csv',
18 silly publish   main: 'src/index.js',
18 silly publish   scripts:
18 silly publish    { start: 'webpack-dev-server',
18 silly publish      test: 'mocha ./src/index.spec.js --compilers js:babel-core/register',
18 silly publish      'test:watch': 'npm test -- --watch',
18 silly publish      build: 'webpack' },
18 silly publish   repository:
18 silly publish    { type: 'git',
18 silly publish      url: 'git+https://github.com/ysfzrn/reactExportButton.git' },
18 silly publish   babel: { presets: [ 'react', 'es2015', 'stage-0' ] },
18 silly publish   keywords: [ 'react', 'export', 'pdf', 'csv' ],
18 silly publish   author: { name: 'ysfzrn' },
18 silly publish   license: 'ISC',
18 silly publish   bugs: { url: 'https://github.com/ysfzrn/reactExportButton/issues' },
18 silly publish   homepage: 'https://github.com/ysfzrn/reactExportButton#readme',
18 silly publish   dependencies:
18 silly publish    { 'babel-core': '^6.2.1',
18 silly publish      'babel-loader': '^6.2.0',
18 silly publish      'babel-preset-es2015': '^6.1.18',
18 silly publish      'babel-preset-react': '^6.1.18',
18 silly publish      'babel-preset-stage-0': '^6.0.15',
18 silly publish      'babel-preset-stage-2': '6.1.2',
18 silly publish      babelify: '^7.2.0',
18 silly publish      classnames: '2.1.4',
18 silly publish      jquery: '^2.1.4',
18 silly publish      mocha: '2.3.4',
18 silly publish      react: '^0.14.5',
18 silly publish      'react-addons': '^0.9.1-deprecated',
18 silly publish      'react-addons-test-utils': '0.14.6',
18 silly publish      'react-dom': '^0.14.5',
18 silly publish      'react-hot-loader': '^1.3.0',
18 silly publish      'react-modal': '0.6.1' },
18 silly publish   devDependencies:
18 silly publish    { watchify: '^3.2.2',
18 silly publish      webpack: '1.12.12',
18 silly publish      'webpack-dev-middleware': '^1.2.0',
18 silly publish      'webpack-dev-server': '^1.14.0',
18 silly publish      'webpack-hot-middleware': '^2.4.1',
18 silly publish      mocha: '2.3.4',
18 silly publish      expect: '1.12.2',
18 silly publish      'expect-jsx': '2.1.2' },
18 silly publish   readme: '"# reactExportButton" \r\n',
18 silly publish   readmeFilename: 'README.md',
18 silly publish   gitHead: 'a6117d9db744f5a6875c23ae1c594884b4259b5b',
18 silly publish   _id: 'reactexportbutton@1.0.0',
18 silly publish   _shasum: 'cc6fecaab3607ce537feedbeb6d4c2343b15de34',
18 silly publish   _from: '.' }
19 verbose getPublishConfig undefined
20 silly mapToRegistry name reactexportbutton
21 silly mapToRegistry using default registry
22 silly mapToRegistry registry https://registry.npmjs.org/
23 silly mapToRegistry uri https://registry.npmjs.org/reactexportbutton
24 verbose publish registryBase https://registry.npmjs.org/
25 silly publish uploading C:\Users\yusuf\AppData\Roaming\npm-cache\reactexportbutton\1.0.0\package.tgz
26 verbose request uri https://registry.npmjs.org/reactexportbutton
27 verbose request sending authorization for write operation
28 info attempt registry request try #1 at 2:03:56 AM
29 verbose request using bearer token for auth
30 verbose request id 7ec6ff01da2e318a
31 http request PUT https://registry.npmjs.org/reactexportbutton
32 http 403 https://registry.npmjs.org/reactexportbutton
33 verbose headers { 'content-type': 'application/json',
33 verbose headers   'cache-control': 'max-age=300',
33 verbose headers   'content-length': '95',
33 verbose headers   'accept-ranges': 'bytes',
33 verbose headers   date: 'Sun, 24 Jan 2016 00:04:01 GMT',
33 verbose headers   via: '1.1 varnish',
33 verbose headers   connection: 'keep-alive',
33 verbose headers   'x-served-by': 'cache-ams4147-AMS',
33 verbose headers   'x-cache': 'MISS',
33 verbose headers   'x-cache-hits': '0',
33 verbose headers   'x-timer': 'S1453593840.973854,VS0,VE1020' }
34 verbose request invalidating C:\Users\yusuf\AppData\Roaming\npm-cache\registry.npmjs.org\reactexportbutton on PUT
35 error publish Failed PUT 403
36 verbose stack Error: "You cannot publish over the previously published version 1.0.0." : reactexportbutton
36 verbose stack     at makeError (C:\Users\yusuf\AppData\Roaming\npm\node_modules\npm\node_modules\npm-registry-client\lib\request.js:264:12)
36 verbose stack     at CachingRegistryClient.<anonymous> (C:\Users\yusuf\AppData\Roaming\npm\node_modules\npm\node_modules\npm-registry-client\lib\request.js:252:14)
36 verbose stack     at Request._callback (C:\Users\yusuf\AppData\Roaming\npm\node_modules\npm\node_modules\npm-registry-client\lib\request.js:172:14)
36 verbose stack     at Request.self.callback (C:\Users\yusuf\AppData\Roaming\npm\node_modules\npm\node_modules\request\request.js:198:22)
36 verbose stack     at emitTwo (events.js:87:13)
36 verbose stack     at Request.emit (events.js:172:7)
36 verbose stack     at Request.<anonymous> (C:\Users\yusuf\AppData\Roaming\npm\node_modules\npm\node_modules\request\request.js:1035:10)
36 verbose stack     at emitOne (events.js:82:20)
36 verbose stack     at Request.emit (events.js:169:7)
36 verbose stack     at IncomingMessage.<anonymous> (C:\Users\yusuf\AppData\Roaming\npm\node_modules\npm\node_modules\request\request.js:962:12)
37 verbose statusCode 403
38 verbose pkgid reactexportbutton
39 verbose cwd C:\Users\yusuf\react2\reactExportButton
40 error Windows_NT 6.1.7601
41 error argv "C:\\Program Files\\nodejs\\node.exe" "C:\\Users\\yusuf\\AppData\\Roaming\\npm\\node_modules\\npm\\bin\\npm-cli.js" "publish"
42 error node v5.0.0
43 error npm  v3.5.3
44 error code E403
45 error "You cannot publish over the previously published version 1.0.0." : reactexportbutton
46 error If you need help, you may report this error at:
46 error     <https://github.com/npm/npm/issues>
47 verbose exit [ 1, true ]
